Performing C SOURCE FILE Test CMAKE_HAVE_LIBC_PTHREAD failed with the following output:
Change Dir: /home/xewii/projects/misc/sfst/build/CMakeFiles/CMakeTmp

Run Build Command(s):/usr/bin/make -f Makefile cmTC_efeeb/fast && /usr/bin/make  -f CMakeFiles/cmTC_efeeb.dir/build.make CMakeFiles/cmTC_efeeb.dir/build
make[1]: Entering directory '/home/data/projects/misc/sfst/build/CMakeFiles/CMakeTmp'
Building C object CMakeFiles/cmTC_efeeb.dir/src.c.o
/usr/bin/cc -DCMAKE_HAVE_LIBC_PTHREAD   -o CMakeFiles/cmTC_efeeb.dir/src.c.o -c /home/xewii/projects/misc/sfst/build/CMakeFiles/CMakeTmp/src.c
Linking C executable cmTC_efeeb
/usr/bin/cmake -E cmake_link_script CMakeFiles/cmTC_efeeb.dir/link.txt --verbose=1
/usr/bin/cc -rdynamic CMakeFiles/cmTC_efeeb.dir/src.c.o -o cmTC_efeeb 
/usr/bin/ld: CMakeFiles/cmTC_efeeb.dir/src.c.o: in function `main':
src.c:(.text+0x3e): undefined reference to `pthread_create'
/usr/bin/ld: src.c:(.text+0x4a): undefined reference to `pthread_detach'
/usr/bin/ld: src.c:(.text+0x56): undefined reference to `pthread_cancel'
/usr/bin/ld: src.c:(.text+0x67): undefined reference to `pthread_join'
collect2: error: ld returned 1 exit status
make[1]: *** [CMakeFiles/cmTC_efeeb.dir/build.make:99: cmTC_efeeb] Error 1
make[1]: Leaving directory '/home/data/projects/misc/sfst/build/CMakeFiles/CMakeTmp'
make: *** [Makefile:127: cmTC_efeeb/fast] Error 2


Source file was:
#include <pthread.h>

static void* test_func(void* data)
{
  return data;
}

int main(void)
{
  pthread_t thread;
  pthread_create(&thread, NULL, test_func, NULL);
  pthread_detach(thread);
  pthread_cancel(thread);
  pthread_join(thread, NULL);
  pthread_atfork(NULL, NULL, NULL);
  pthread_exit(NULL);

  return 0;
}

Determining if the function pthread_create exists in the pthreads failed with the following output:
Change Dir: /home/xewii/projects/misc/sfst/build/CMakeFiles/CMakeTmp

Run Build Command(s):/usr/bin/make -f Makefile cmTC_2f83c/fast && /usr/bin/make  -f CMakeFiles/cmTC_2f83c.dir/build.make CMakeFiles/cmTC_2f83c.dir/build
make[1]: Entering directory '/home/data/projects/misc/sfst/build/CMakeFiles/CMakeTmp'
Building C object CMakeFiles/cmTC_2f83c.dir/CheckFunctionExists.c.o
/usr/bin/cc   -DCHECK_FUNCTION_EXISTS=pthread_create -o CMakeFiles/cmTC_2f83c.dir/CheckFunctionExists.c.o -c /usr/share/cmake/Modules/CheckFunctionExists.c
Linking C executable cmTC_2f83c
/usr/bin/cmake -E cmake_link_script CMakeFiles/cmTC_2f83c.dir/link.txt --verbose=1
/usr/bin/cc  -DCHECK_FUNCTION_EXISTS=pthread_create -rdynamic CMakeFiles/cmTC_2f83c.dir/CheckFunctionExists.c.o -o cmTC_2f83c  -lpthreads 
/usr/bin/ld: cannot find -lpthreads
collect2: error: ld returned 1 exit status
make[1]: *** [CMakeFiles/cmTC_2f83c.dir/build.make:99: cmTC_2f83c] Error 1
make[1]: Leaving directory '/home/data/projects/misc/sfst/build/CMakeFiles/CMakeTmp'
make: *** [Makefile:127: cmTC_2f83c/fast] Error 2



